2010-05-12 05:56:50 Debug: Notice (1024): Please change the value of 'Security.salt' in app/config/core.php to a salt value specific to your application in [D:\abc\wwwroot\cake\libs\debugger.php, line 684]
2010-05-12 05:56:50 Debug: Notice (1024): Please change the value of 'Security.cipherSeed' in app/config/core.php to a numeric (digits only) seed value specific to your application in [D:\abc\wwwroot\cake\libs\debugger.php, line 688]
2010-05-12 05:56:51 Debug: Notice (1024): Please change the value of 'Security.salt' in app/config/core.php to a salt value specific to your application in [D:\abc\wwwroot\cake\libs\debugger.php, line 684]
2010-05-12 05:56:51 Debug: Notice (1024): Please change the value of 'Security.cipherSeed' in app/config/core.php to a numeric (digits only) seed value specific to your application in [D:\abc\wwwroot\cake\libs\debugger.php, line 688]
2010-05-12 07:35:16 Debug: Notice (8): Trying to get property of non-object in [D:\abc\wwwroot\app\views\users\home.ctp, line 1]
2010-05-12 07:37:25 Debug: Notice (8): Trying to get property of non-object in [D:\abc\wwwroot\app\views\users\home.ctp, line 1]
2010-05-12 07:48:53 Debug: Notice (8): Trying to get property of non-object in [D:\abc\wwwroot\app\views\users\home.ctp, line 1]
2010-05-12 07:53:15 Debug: Notice (8): Trying to get property of non-object in [D:\abc\wwwroot\app\views\users\home.ctp, line 1]
2010-05-12 07:53:58 Debug: Notice (8): Use of undefined constant username - assumed 'username' in [D:\abc\wwwroot\app\views\users\home.ctp, line 1]
2010-05-12 07:53:58 Debug: Notice (8): Undefined index:  username in [D:\abc\wwwroot\app\views\users\home.ctp, line 1]
2010-05-12 07:57:22 Debug: Notice (8): Undefined index:  username in [D:\abc\wwwroot\app\views\users\home.ctp, line 1]
2010-05-12 07:58:16 Debug: Notice (8): Undefined index:  username in [D:\abc\wwwroot\app\views\users\home.ctp, line 1]
2010-05-12 07:58:56 Debug: Notice (8): Undefined index:  username in [D:\abc\wwwroot\app\views\users\home.ctp, line 1]
2010-05-12 07:59:08 Debug: Notice (8): Undefined index:  username in [D:\abc\wwwroot\app\views\users\home.ctp, line 1]
2010-05-12 08:24:44 Debug: Notice (8): Undefined property: SiteController::$Session in [D:\abc\wwwroot\app\controllers\site_controller.php, line 11]
2010-05-13 00:47:28 Debug: Notice (8): Undefined property: SiteController::$Session in [D:\abc\wwwroot\app\controllers\site_controller.php, line 12]
2010-05-13 08:50:44 Debug: Notice (8): Undefined variable: current_user in [D:\abc\wwwroot\app\controllers\groups_controller.php, line 8]
2010-05-13 08:51:17 Debug: Notice (8): Undefined variable: current_user in [D:\abc\wwwroot\app\controllers\groups_controller.php, line 8]
2010-05-13 08:51:42 Debug: Notice (8): Undefined variable: current_user in [D:\abc\wwwroot\app\controllers\groups_controller.php, line 8]
2010-05-13 08:51:50 Debug: Notice (8): Undefined property: GroupsController::$current_user in [D:\abc\wwwroot\app\controllers\groups_controller.php, line 8]
2010-05-13 15:53:19 Debug: Notice (8): Undefined property: GroupsController::$GroupPost in [D:\wwwroot\trunk\app\controllers\groups_controller.php, line 28]
2010-05-13 15:54:40 Debug: Notice (8): Undefined variable: condisionts in [D:\wwwroot\trunk\app\controllers\groups_controller.php, line 29]
2010-05-13 15:54:40 Debug: Notice (8): Undefined offset:  2 in [D:\wwwroot\trunk\cake\libs\model\datasources\dbo_source.php, line 1434]
2010-05-13 15:54:40 Debug: Notice (8): Array to string conversion in [D:\wwwroot\trunk\cake\libs\model\datasources\dbo_source.php, line 1446]
2010-05-13 15:55:07 Debug: Notice (8): Undefined offset:  2 in [D:\wwwroot\trunk\cake\libs\model\datasources\dbo_source.php, line 1434]
2010-05-13 15:55:07 Debug: Notice (8): Array to string conversion in [D:\wwwroot\trunk\cake\libs\model\datasources\dbo_source.php, line 1446]
2010-05-13 16:07:00 Debug: Notice (8): Undefined property: GroupsController::$Group in [D:\wwwroot\trunk\app\controllers\groups_controller.php, line 53]
2010-05-13 16:07:00 Debug: Notice (8): Trying to get property of non-object in [D:\wwwroot\trunk\app\controllers\groups_controller.php, line 53]
2010-05-13 16:08:49 Debug: Notice (8): Undefined property: GroupsController::$Session in [D:\wwwroot\trunk\app\controllers\groups_controller.php, line 50]
2010-05-13 16:09:09 Debug: Notice (8): Undefined property: GroupsController::$Session in [D:\wwwroot\trunk\app\controllers\groups_controller.php, line 47]
2010-05-13 16:09:49 Debug: Notice (8): Undefined property: GroupsController::$Session in [D:\wwwroot\trunk\app\controllers\groups_controller.php, line 48]
2010-05-13 16:10:16 Debug: Notice (8): Undefined property: GroupsController::$Session in [D:\wwwroot\trunk\app\controllers\groups_controller.php, line 48]
2010-05-13 16:11:56 Debug: Notice (8): Undefined property: GroupPostsController::$Session in [D:\wwwroot\trunk\app\controllers\group_posts_controller.php, line 23]
2010-05-13 16:12:32 Debug: Notice (8): Undefined index:  modified in [D:\wwwroot\trunk\app\views\group_posts\index.ctp, line 29]
2010-05-13 16:12:32 Debug: Notice (8): Undefined index:  privacy in [D:\wwwroot\trunk\app\views\group_posts\index.ctp, line 31]
2010-05-13 16:12:32 Debug: Notice (8): Undefined index:  name in [D:\wwwroot\trunk\app\views\group_posts\index.ctp, line 33]
2010-05-13 16:13:24 Debug: Notice (8): Undefined index:  name in [D:\wwwroot\trunk\app\views\groups\index.ctp, line 34]
2010-05-13 16:13:24 Debug: Notice (8): Undefined index:  modifed in [D:\wwwroot\trunk\app\views\groups\index.ctp, line 37]
2010-05-13 16:13:58 Debug: Notice (8): Undefined index:  name in [D:\wwwroot\trunk\app\views\groups\view.ctp, line 21]
2010-05-13 16:13:58 Debug: Notice (8): Undefined index:  modifed in [D:\wwwroot\trunk\app\views\groups\view.ctp, line 31]
2010-05-13 16:13:58 Debug: Notice (8): Undefined index:  modified in [D:\wwwroot\trunk\app\views\groups\view.ctp, line 88]
2010-05-13 16:13:58 Debug: Notice (8): Undefined index:  privacy in [D:\wwwroot\trunk\app\views\groups\view.ctp, line 90]
2010-05-13 16:14:53 Debug: Notice (8): Undefined index:  name in [D:\wwwroot\trunk\app\views\groups\index.ctp, line 34]
2010-05-13 16:14:53 Debug: Notice (8): Undefined index:  modifed in [D:\wwwroot\trunk\app\views\groups\index.ctp, line 37]
2010-05-13 16:19:59 Debug: Notice (8): Undefined variable: groups in [D:\wwwroot\trunk\app\views\groups\index.ctp, line 23]
2010-05-13 16:20:03 Debug: Notice (8): Undefined variable: groups in [D:\wwwroot\trunk\app\views\groups\index.ctp, line 23]
2010-05-13 16:22:09 Debug: Notice (8): Undefined variable: group in [D:\wwwroot\trunk\app\views\groups\index.ctp, line 34]
2010-05-13 16:22:09 Debug: Notice (8): Undefined index:  modifed in [D:\wwwroot\trunk\app\views\groups\index.ctp, line 37]
2010-05-13 16:22:38 Debug: Notice (8): Undefined variable: group in [D:\wwwroot\trunk\app\views\groups\index.ctp, line 34]
2010-05-13 16:22:38 Debug: Notice (8): Undefined index:  modifed in [D:\wwwroot\trunk\app\views\groups\index.ctp, line 37]
2010-05-13 16:22:39 Debug: Notice (8): Undefined variable: group in [D:\wwwroot\trunk\app\views\groups\index.ctp, line 34]
2010-05-13 16:22:39 Debug: Notice (8): Undefined index:  modifed in [D:\wwwroot\trunk\app\views\groups\index.ctp, line 37]
2010-05-13 16:22:52 Debug: Notice (8): Undefined index:  modifed in [D:\wwwroot\trunk\app\views\groups\index.ctp, line 37]
2010-05-13 16:23:21 Debug: Notice (8): Undefined index:  modified in [D:\wwwroot\trunk\app\views\groups\index.ctp, line 37]
2010-05-13 16:26:17 Debug: Notice (8): Undefined offset:  2 in [D:\wwwroot\trunk\cake\libs\model\datasources\dbo_source.php, line 1434]
2010-05-13 16:26:17 Debug: Notice (8): Array to string conversion in [D:\wwwroot\trunk\cake\libs\model\datasources\dbo_source.php, line 1446]
2010-05-13 16:26:48 Debug: Notice (8): Undefined offset:  2 in [D:\wwwroot\trunk\cake\libs\model\datasources\dbo_source.php, line 1434]
2010-05-13 16:26:48 Debug: Notice (8): Array to string conversion in [D:\wwwroot\trunk\cake\libs\model\datasources\dbo_source.php, line 1446]
2010-05-13 16:28:59 Debug: Notice (8): Undefined offset:  2 in [D:\wwwroot\trunk\cake\libs\model\datasources\dbo_source.php, line 1434]
2010-05-13 16:28:59 Debug: Notice (8): Array to string conversion in [D:\wwwroot\trunk\cake\libs\model\datasources\dbo_source.php, line 1446]
2010-05-13 16:29:00 Debug: Notice (8): Undefined offset:  2 in [D:\wwwroot\trunk\cake\libs\model\datasources\dbo_source.php, line 1434]
2010-05-13 16:29:00 Debug: Notice (8): Array to string conversion in [D:\wwwroot\trunk\cake\libs\model\datasources\dbo_source.php, line 1446]
2010-05-13 16:30:05 Debug: Notice (8): Undefined offset:  2 in [D:\wwwroot\trunk\cake\libs\model\datasources\dbo_source.php, line 1434]
2010-05-13 16:30:05 Debug: Notice (8): Undefined offset:  3 in [D:\wwwroot\trunk\cake\libs\model\datasources\dbo_source.php, line 1434]
2010-05-13 16:30:05 Debug: Notice (8): Undefined offset:  4 in [D:\wwwroot\trunk\cake\libs\model\datasources\dbo_source.php, line 1434]
2010-05-13 16:30:05 Debug: Notice (8): Undefined offset:  5 in [D:\wwwroot\trunk\cake\libs\model\datasources\dbo_source.php, line 1434]
2010-05-13 16:30:05 Debug: Notice (8): Undefined offset:  6 in [D:\wwwroot\trunk\cake\libs\model\datasources\dbo_source.php, line 1434]
2010-05-13 16:32:35 Debug: Notice (8): Undefined index:  idd in [D:\wwwroot\trunk\app\controllers\groups_controller.php, line 11]
2010-05-13 16:32:37 Debug: Notice (8): Undefined index:  idd in [D:\wwwroot\trunk\app\controllers\groups_controller.php, line 11]
2010-05-13 16:32:50 Debug: Notice (8): Undefined index:  idd in [D:\wwwroot\trunk\app\controllers\groups_controller.php, line 11]
2010-05-14 18:13:00 Debug: Notice (8): Trying to get property of non-object in [D:\wwwroot\trunk\app\controllers\groups_controller.php, line 14]
2010-05-14 18:13:00 Debug: Notice (8): Undefined variable: username in [D:\wwwroot\trunk\app\views\groups\index.ctp, line 3]
2010-05-14 18:13:00 Debug: Notice (8): Undefined property: View::$Paginator in [D:\wwwroot\trunk\app\views\groups\index.ctp, line 11]
2010-05-14 18:20:23 Debug: Notice (8): Trying to get property of non-object in [D:\wwwroot\trunk\app\controllers\groups_controller.php, line 14]
2010-05-15 02:45:46 Debug: Notice (8): Array to string conversion in [D:\wwwroot\trunk\cake\libs\model\datasources\dbo_source.php, line 2186]
2010-05-15 02:45:46 Debug: Notice (8): Undefined variable: username in [D:\wwwroot\trunk\app\views\groups\index.ctp, line 3]
2010-05-15 02:45:46 Debug: Notice (8): Undefined property: View::$Paginator in [D:\wwwroot\trunk\app\views\groups\index.ctp, line 11]
2010-05-15 02:53:46 Debug: Notice (8): Undefined offset:  2 in [D:\wwwroot\trunk\cake\libs\model\datasources\dbo_source.php, line 1434]
2010-05-15 02:53:46 Debug: Notice (8): Undefined offset:  3 in [D:\wwwroot\trunk\cake\libs\model\datasources\dbo_source.php, line 1434]
2010-05-15 02:53:46 Debug: Notice (8): Array to string conversion in [D:\wwwroot\trunk\cake\libs\model\datasources\dbo_source.php, line 1446]
2010-05-15 02:53:46 Debug: Notice (8): Undefined variable: username in [D:\wwwroot\trunk\app\views\groups\index.ctp, line 3]
2010-05-15 02:53:46 Debug: Notice (8): Undefined property: View::$Paginator in [D:\wwwroot\trunk\app\views\groups\index.ctp, line 11]
2010-05-15 02:55:15 Debug: Notice (8): Undefined offset:  2 in [D:\wwwroot\trunk\cake\libs\model\datasources\dbo_source.php, line 1434]
2010-05-15 02:55:15 Debug: Notice (8): Undefined offset:  3 in [D:\wwwroot\trunk\cake\libs\model\datasources\dbo_source.php, line 1434]
2010-05-15 02:55:15 Debug: Notice (8): Undefined variable: username in [D:\wwwroot\trunk\app\views\groups\index.ctp, line 3]
2010-05-15 02:55:15 Debug: Notice (8): Undefined property: View::$Paginator in [D:\wwwroot\trunk\app\views\groups\index.ctp, line 11]
2010-05-15 04:40:17 Debug: Notice (8): Undefined property: GroupsController::$User in [D:\wwwroot\trunk\app\controllers\groups_controller.php, line 11]
2010-05-15 04:40:17 Debug: Notice (8): Trying to get property of non-object in [D:\wwwroot\trunk\app\controllers\groups_controller.php, line 11]
2010-05-15 04:40:51 Debug: Notice (8): Undefined variable: username in [D:\wwwroot\trunk\app\views\groups\index.ctp, line 3]
2010-05-15 04:40:51 Debug: Notice (8): Undefined property: View::$Paginator in [D:\wwwroot\trunk\app\views\groups\index.ctp, line 11]
2010-05-15 04:41:59 Debug: Notice (8): Undefined variable: username in [D:\wwwroot\trunk\app\views\groups\index.ctp, line 3]
2010-05-15 04:41:59 Debug: Notice (8): Undefined property: View::$Paginator in [D:\wwwroot\trunk\app\views\groups\index.ctp, line 11]
2010-05-15 04:44:26 Debug: Notice (8): Undefined variable: username in [D:\wwwroot\trunk\app\views\groups\index.ctp, line 3]
2010-05-15 04:44:26 Debug: Notice (8): Undefined property: View::$Paginator in [D:\wwwroot\trunk\app\views\groups\index.ctp, line 11]
2010-05-15 04:44:59 Debug: Notice (8): Undefined property: View::$Paginator in [D:\wwwroot\trunk\app\views\groups\index.ctp, line 10]
2010-05-15 04:49:26 Debug: Notice (8): Undefined index:  modified in [D:\wwwroot\trunk\app\views\group_posts\index.ctp, line 29]
2010-05-15 04:49:26 Debug: Notice (8): Undefined index:  privacy in [D:\wwwroot\trunk\app\views\group_posts\index.ctp, line 31]
2010-05-15 04:49:26 Debug: Notice (8): Undefined index:  name in [D:\wwwroot\trunk\app\views\group_posts\index.ctp, line 33]
2010-05-15 04:50:02 Debug: Notice (8): Undefined index:  modified in [D:\wwwroot\trunk\app\views\group_posts\index.ctp, line 29]
2010-05-15 04:50:02 Debug: Notice (8): Undefined index:  privacy in [D:\wwwroot\trunk\app\views\group_posts\index.ctp, line 31]
2010-05-15 04:50:02 Debug: Notice (8): Undefined index:  name in [D:\wwwroot\trunk\app\views\group_posts\index.ctp, line 33]
2010-05-15 07:31:50 Debug: Notice (8): Undefined index:  last_login in [D:\wwwroot\trunk\app\views\users\view.ctp, line 41]
2010-05-16 07:41:42 Debug: Notice (8): Undefined property: GroupsController::$GroupMembership in [D:\wwwroot\trunk\app\controllers\groups_controller.php, line 9]
