2010-05-12 08:04:45 Warning: Warning (512): Users::isAuthorized() is not defined. in [D:\abc\wwwroot\cake\libs\controller\controller.php, line 808]
2010-05-12 08:04:49 Warning: Warning (512): Users::isAuthorized() is not defined. in [D:\abc\wwwroot\cake\libs\controller\controller.php, line 808]
2010-05-12 08:05:43 Warning: Warning (512): Users::isAuthorized() is not defined. in [D:\abc\wwwroot\cake\libs\controller\controller.php, line 808]
2010-05-12 08:07:27 Warning: Warning (512): Users::isAuthorized() is not defined. in [D:\abc\wwwroot\cake\libs\controller\controller.php, line 808]
2010-05-12 08:08:17 Warning: Warning (512): Users::isAuthorized() is not defined. in [D:\abc\wwwroot\cake\libs\controller\controller.php, line 808]
2010-05-12 08:08:18 Warning: Warning (512): Pages::isAuthorized() is not defined. in [D:\abc\wwwroot\cake\libs\controller\controller.php, line 808]
2010-05-12 08:08:18 Warning: Warning (512): Pages::isAuthorized() is not defined. in [D:\abc\wwwroot\cake\libs\controller\controller.php, line 808]
2010-05-12 08:08:18 Warning: Warning (512): Pages::isAuthorized() is not defined. in [D:\abc\wwwroot\cake\libs\controller\controller.php, line 808]
2010-05-12 08:08:19 Warning: Warning (512): Pages::isAuthorized() is not defined. in [D:\abc\wwwroot\cake\libs\controller\controller.php, line 808]
2010-05-12 08:08:19 Warning: Warning (512): Pages::isAuthorized() is not defined. in [D:\abc\wwwroot\cake\libs\controller\controller.php, line 808]
2010-05-12 08:08:20 Warning: Warning (512): Pages::isAuthorized() is not defined. in [D:\abc\wwwroot\cake\libs\controller\controller.php, line 808]
2010-05-12 08:08:20 Warning: Warning (512): Pages::isAuthorized() is not defined. in [D:\abc\wwwroot\cake\libs\controller\controller.php, line 808]
2010-05-12 08:08:21 Warning: Warning (512): Pages::isAuthorized() is not defined. in [D:\abc\wwwroot\cake\libs\controller\controller.php, line 808]
2010-05-12 08:08:21 Warning: Warning (512): Pages::isAuthorized() is not defined. in [D:\abc\wwwroot\cake\libs\controller\controller.php, line 808]
2010-05-12 08:08:21 Warning: Warning (512): Pages::isAuthorized() is not defined. in [D:\abc\wwwroot\cake\libs\controller\controller.php, line 808]
2010-05-12 08:08:22 Warning: Warning (512): Pages::isAuthorized() is not defined. in [D:\abc\wwwroot\cake\libs\controller\controller.php, line 808]
2010-05-12 08:08:23 Warning: Warning (512): Pages::isAuthorized() is not defined. in [D:\abc\wwwroot\cake\libs\controller\controller.php, line 808]
2010-05-12 08:08:23 Warning: Warning (512): Pages::isAuthorized() is not defined. in [D:\abc\wwwroot\cake\libs\controller\controller.php, line 808]
2010-05-12 08:08:23 Warning: Warning (512): Pages::isAuthorized() is not defined. in [D:\abc\wwwroot\cake\libs\controller\controller.php, line 808]
2010-05-12 08:08:24 Warning: Warning (512): Pages::isAuthorized() is not defined. in [D:\abc\wwwroot\cake\libs\controller\controller.php, line 808]
2010-05-12 08:08:24 Warning: Warning (512): Pages::isAuthorized() is not defined. in [D:\abc\wwwroot\cake\libs\controller\controller.php, line 808]
2010-05-12 08:08:24 Warning: Warning (512): Pages::isAuthorized() is not defined. in [D:\abc\wwwroot\cake\libs\controller\controller.php, line 808]
2010-05-12 08:08:25 Warning: Warning (512): Pages::isAuthorized() is not defined. in [D:\abc\wwwroot\cake\libs\controller\controller.php, line 808]
2010-05-12 08:08:25 Warning: Warning (512): Pages::isAuthorized() is not defined. in [D:\abc\wwwroot\cake\libs\controller\controller.php, line 808]
2010-05-12 08:08:26 Warning: Warning (512): Pages::isAuthorized() is not defined. in [D:\abc\wwwroot\cake\libs\controller\controller.php, line 808]
2010-05-12 08:08:35 Warning: Warning (512): Pages::isAuthorized() is not defined. in [D:\abc\wwwroot\cake\libs\controller\controller.php, line 808]
2010-05-12 08:08:35 Warning: Warning (512): Pages::isAuthorized() is not defined. in [D:\abc\wwwroot\cake\libs\controller\controller.php, line 808]
2010-05-12 08:08:36 Warning: Warning (512): Pages::isAuthorized() is not defined. in [D:\abc\wwwroot\cake\libs\controller\controller.php, line 808]
2010-05-12 08:08:36 Warning: Warning (512): Pages::isAuthorized() is not defined. in [D:\abc\wwwroot\cake\libs\controller\controller.php, line 808]
2010-05-12 08:08:36 Warning: Warning (512): Pages::isAuthorized() is not defined. in [D:\abc\wwwroot\cake\libs\controller\controller.php, line 808]
2010-05-12 08:08:37 Warning: Warning (512): Pages::isAuthorized() is not defined. in [D:\abc\wwwroot\cake\libs\controller\controller.php, line 808]
2010-05-12 08:08:37 Warning: Warning (512): Pages::isAuthorized() is not defined. in [D:\abc\wwwroot\cake\libs\controller\controller.php, line 808]
2010-05-12 08:08:38 Warning: Warning (512): Pages::isAuthorized() is not defined. in [D:\abc\wwwroot\cake\libs\controller\controller.php, line 808]
2010-05-12 08:08:38 Warning: Warning (512): Pages::isAuthorized() is not defined. in [D:\abc\wwwroot\cake\libs\controller\controller.php, line 808]
2010-05-12 08:08:39 Warning: Warning (512): Pages::isAuthorized() is not defined. in [D:\abc\wwwroot\cake\libs\controller\controller.php, line 808]
2010-05-12 08:08:39 Warning: Warning (512): Pages::isAuthorized() is not defined. in [D:\abc\wwwroot\cake\libs\controller\controller.php, line 808]
2010-05-12 08:08:39 Warning: Warning (512): Pages::isAuthorized() is not defined. in [D:\abc\wwwroot\cake\libs\controller\controller.php, line 808]
2010-05-12 08:08:40 Warning: Warning (512): Pages::isAuthorized() is not defined. in [D:\abc\wwwroot\cake\libs\controller\controller.php, line 808]
2010-05-12 08:08:40 Warning: Warning (512): Pages::isAuthorized() is not defined. in [D:\abc\wwwroot\cake\libs\controller\controller.php, line 808]
2010-05-12 08:08:41 Warning: Warning (512): Pages::isAuthorized() is not defined. in [D:\abc\wwwroot\cake\libs\controller\controller.php, line 808]
2010-05-12 08:08:41 Warning: Warning (512): Pages::isAuthorized() is not defined. in [D:\abc\wwwroot\cake\libs\controller\controller.php, line 808]
2010-05-12 08:08:41 Warning: Warning (512): Pages::isAuthorized() is not defined. in [D:\abc\wwwroot\cake\libs\controller\controller.php, line 808]
2010-05-12 08:08:42 Warning: Warning (512): Pages::isAuthorized() is not defined. in [D:\abc\wwwroot\cake\libs\controller\controller.php, line 808]
2010-05-12 08:08:42 Warning: Warning (512): Pages::isAuthorized() is not defined. in [D:\abc\wwwroot\cake\libs\controller\controller.php, line 808]
2010-05-12 08:08:43 Warning: Warning (512): Pages::isAuthorized() is not defined. in [D:\abc\wwwroot\cake\libs\controller\controller.php, line 808]
2010-05-12 08:08:43 Warning: Warning (512): Pages::isAuthorized() is not defined. in [D:\abc\wwwroot\cake\libs\controller\controller.php, line 808]
2010-05-12 08:09:24 Warning: Warning (512): Users::isAuthorized() is not defined. in [D:\abc\wwwroot\cake\libs\controller\controller.php, line 808]
2010-05-12 08:09:29 Warning: Warning (512): Users::isAuthorized() is not defined. in [D:\abc\wwwroot\cake\libs\controller\controller.php, line 808]
2010-05-12 08:11:23 Warning: Warning (512): Users::isAuthorized() is not defined. in [D:\abc\wwwroot\cake\libs\controller\controller.php, line 808]
2010-05-12 08:11:27 Warning: Warning (512): Users::isAuthorized() is not defined. in [D:\abc\wwwroot\cake\libs\controller\controller.php, line 808]
2010-05-12 08:28:42 Warning: Warning (512): Users::isAuthorized() is not defined. in [D:\abc\wwwroot\cake\libs\controller\controller.php, line 808]
2010-05-12 08:29:20 Warning: Warning (512): Users::isAuthorized() is not defined. in [D:\abc\wwwroot\cake\libs\controller\controller.php, line 808]
2010-05-12 08:31:18 Warning: Warning (512): Users::isAuthorized() is not defined. in [D:\abc\wwwroot\cake\libs\controller\controller.php, line 808]
2010-05-12 08:31:36 Warning: Warning (512): Users::isAuthorized() is not defined. in [D:\abc\wwwroot\cake\libs\controller\controller.php, line 808]
2010-05-12 08:31:39 Warning: Warning (512): Users::isAuthorized() is not defined. in [D:\abc\wwwroot\cake\libs\controller\controller.php, line 808]
2010-05-12 08:31:50 Warning: Warning (512): Users::isAuthorized() is not defined. in [D:\abc\wwwroot\cake\libs\controller\controller.php, line 808]
2010-05-12 08:33:10 Warning: Warning (512): Users::isAuthorized() is not defined. in [D:\abc\wwwroot\cake\libs\controller\controller.php, line 808]
2010-05-12 08:33:27 Warning: Warning (512): Users::isAuthorized() is not defined. in [D:\abc\wwwroot\cake\libs\controller\controller.php, line 808]
2010-05-12 08:33:51 Warning: Warning (512): Users::isAuthorized() is not defined. in [D:\abc\wwwroot\cake\libs\controller\controller.php, line 808]
2010-05-12 08:34:05 Warning: Warning (512): Users::isAuthorized() is not defined. in [D:\abc\wwwroot\cake\libs\controller\controller.php, line 808]
2010-05-12 08:56:34 Warning: Warning (512): Users::isAuthorized() is not defined. in [D:\abc\wwwroot\cake\libs\controller\controller.php, line 808]
2010-05-12 08:57:07 Warning: Warning (512): Users::isAuthorized() is not defined. in [D:\abc\wwwroot\cake\libs\controller\controller.php, line 808]
2010-05-12 08:57:15 Warning: Warning (512): Users::isAuthorized() is not defined. in [D:\abc\wwwroot\cake\libs\controller\controller.php, line 808]
2010-05-12 08:58:39 Warning: Warning (512): Users::isAuthorized() is not defined. in [D:\abc\wwwroot\cake\libs\controller\controller.php, line 808]
2010-05-12 09:12:52 Warning: Warning (512): Users::isAuthorized() is not defined. in [D:\abc\wwwroot\cake\libs\controller\controller.php, line 808]
2010-05-12 09:13:03 Warning: Warning (512): Users::isAuthorized() is not defined. in [D:\abc\wwwroot\cake\libs\controller\controller.php, line 808]
2010-05-12 09:13:47 Warning: Warning (512): Users::isAuthorized() is not defined. in [D:\abc\wwwroot\cake\libs\controller\controller.php, line 808]
2010-05-12 09:15:20 Warning: Warning (512): Users::isAuthorized() is not defined. in [D:\abc\wwwroot\cake\libs\controller\controller.php, line 808]
2010-05-12 09:15:32 Warning: Warning (512): Users::isAuthorized() is not defined. in [D:\abc\wwwroot\cake\libs\controller\controller.php, line 808]
2010-05-12 09:18:54 Warning: Warning (512): Users::isAuthorized() is not defined. in [D:\abc\wwwroot\cake\libs\controller\controller.php, line 808]
2010-05-12 09:21:52 Warning: Warning (512): Users::isAuthorized() is not defined. in [D:\abc\wwwroot\cake\libs\controller\controller.php, line 808]
2010-05-12 09:21:53 Warning: Warning (512): Users::isAuthorized() is not defined. in [D:\abc\wwwroot\cake\libs\controller\controller.php, line 808]
2010-05-12 09:21:53 Warning: Warning (512): Users::isAuthorized() is not defined. in [D:\abc\wwwroot\cake\libs\controller\controller.php, line 808]
2010-05-12 09:21:54 Warning: Warning (512): Users::isAuthorized() is not defined. in [D:\abc\wwwroot\cake\libs\controller\controller.php, line 808]
2010-05-12 09:21:55 Warning: Warning (512): Users::isAuthorized() is not defined. in [D:\abc\wwwroot\cake\libs\controller\controller.php, line 808]
2010-05-12 09:21:56 Warning: Warning (512): Users::isAuthorized() is not defined. in [D:\abc\wwwroot\cake\libs\controller\controller.php, line 808]
2010-05-12 09:21:56 Warning: Warning (512): Users::isAuthorized() is not defined. in [D:\abc\wwwroot\cake\libs\controller\controller.php, line 808]
2010-05-12 09:21:57 Warning: Warning (512): Users::isAuthorized() is not defined. in [D:\abc\wwwroot\cake\libs\controller\controller.php, line 808]
2010-05-12 09:21:58 Warning: Warning (512): Users::isAuthorized() is not defined. in [D:\abc\wwwroot\cake\libs\controller\controller.php, line 808]
2010-05-12 09:21:58 Warning: Warning (512): Users::isAuthorized() is not defined. in [D:\abc\wwwroot\cake\libs\controller\controller.php, line 808]
2010-05-12 09:21:59 Warning: Warning (512): Users::isAuthorized() is not defined. in [D:\abc\wwwroot\cake\libs\controller\controller.php, line 808]
2010-05-12 09:22:03 Warning: Warning (512): Users::isAuthorized() is not defined. in [D:\abc\wwwroot\cake\libs\controller\controller.php, line 808]
2010-05-12 09:22:04 Warning: Warning (512): Users::isAuthorized() is not defined. in [D:\abc\wwwroot\cake\libs\controller\controller.php, line 808]
2010-05-12 09:22:05 Warning: Warning (512): Users::isAuthorized() is not defined. in [D:\abc\wwwroot\cake\libs\controller\controller.php, line 808]
2010-05-12 09:22:06 Warning: Warning (512): Users::isAuthorized() is not defined. in [D:\abc\wwwroot\cake\libs\controller\controller.php, line 808]
2010-05-12 09:22:06 Warning: Warning (512): Users::isAuthorized() is not defined. in [D:\abc\wwwroot\cake\libs\controller\controller.php, line 808]
2010-05-12 09:22:07 Warning: Warning (512): Users::isAuthorized() is not defined. in [D:\abc\wwwroot\cake\libs\controller\controller.php, line 808]
2010-05-12 09:22:08 Warning: Warning (512): Users::isAuthorized() is not defined. in [D:\abc\wwwroot\cake\libs\controller\controller.php, line 808]
2010-05-12 09:22:08 Warning: Warning (512): Users::isAuthorized() is not defined. in [D:\abc\wwwroot\cake\libs\controller\controller.php, line 808]
2010-05-12 09:22:09 Warning: Warning (512): Users::isAuthorized() is not defined. in [D:\abc\wwwroot\cake\libs\controller\controller.php, line 808]
2010-05-12 09:22:10 Warning: Warning (512): Users::isAuthorized() is not defined. in [D:\abc\wwwroot\cake\libs\controller\controller.php, line 808]
2010-05-12 09:22:10 Warning: Warning (512): Users::isAuthorized() is not defined. in [D:\abc\wwwroot\cake\libs\controller\controller.php, line 808]
2010-05-12 09:22:41 Warning: Warning (512): Users::isAuthorized() is not defined. in [D:\abc\wwwroot\cake\libs\controller\controller.php, line 808]
2010-05-12 09:22:42 Warning: Warning (512): Users::isAuthorized() is not defined. in [D:\abc\wwwroot\cake\libs\controller\controller.php, line 808]
2010-05-12 09:22:43 Warning: Warning (512): Users::isAuthorized() is not defined. in [D:\abc\wwwroot\cake\libs\controller\controller.php, line 808]
2010-05-12 09:22:43 Warning: Warning (512): Users::isAuthorized() is not defined. in [D:\abc\wwwroot\cake\libs\controller\controller.php, line 808]
2010-05-12 09:22:44 Warning: Warning (512): Users::isAuthorized() is not defined. in [D:\abc\wwwroot\cake\libs\controller\controller.php, line 808]
2010-05-12 09:22:45 Warning: Warning (512): Users::isAuthorized() is not defined. in [D:\abc\wwwroot\cake\libs\controller\controller.php, line 808]
2010-05-12 09:22:45 Warning: Warning (512): Users::isAuthorized() is not defined. in [D:\abc\wwwroot\cake\libs\controller\controller.php, line 808]
2010-05-12 09:22:46 Warning: Warning (512): Users::isAuthorized() is not defined. in [D:\abc\wwwroot\cake\libs\controller\controller.php, line 808]
2010-05-12 09:22:47 Warning: Warning (512): Users::isAuthorized() is not defined. in [D:\abc\wwwroot\cake\libs\controller\controller.php, line 808]
2010-05-12 09:22:47 Warning: Warning (512): Users::isAuthorized() is not defined. in [D:\abc\wwwroot\cake\libs\controller\controller.php, line 808]
2010-05-12 09:22:48 Warning: Warning (512): Users::isAuthorized() is not defined. in [D:\abc\wwwroot\cake\libs\controller\controller.php, line 808]
2010-05-12 09:22:56 Warning: Warning (512): Users::isAuthorized() is not defined. in [D:\abc\wwwroot\cake\libs\controller\controller.php, line 808]
2010-05-12 09:22:57 Warning: Warning (512): Users::isAuthorized() is not defined. in [D:\abc\wwwroot\cake\libs\controller\controller.php, line 808]
2010-05-12 09:22:57 Warning: Warning (512): Users::isAuthorized() is not defined. in [D:\abc\wwwroot\cake\libs\controller\controller.php, line 808]
2010-05-12 09:22:58 Warning: Warning (512): Users::isAuthorized() is not defined. in [D:\abc\wwwroot\cake\libs\controller\controller.php, line 808]
2010-05-12 09:22:59 Warning: Warning (512): Users::isAuthorized() is not defined. in [D:\abc\wwwroot\cake\libs\controller\controller.php, line 808]
2010-05-12 09:22:59 Warning: Warning (512): Users::isAuthorized() is not defined. in [D:\abc\wwwroot\cake\libs\controller\controller.php, line 808]
2010-05-12 09:23:00 Warning: Warning (512): Users::isAuthorized() is not defined. in [D:\abc\wwwroot\cake\libs\controller\controller.php, line 808]
2010-05-12 09:23:01 Warning: Warning (512): Users::isAuthorized() is not defined. in [D:\abc\wwwroot\cake\libs\controller\controller.php, line 808]
2010-05-12 09:23:01 Warning: Warning (512): Users::isAuthorized() is not defined. in [D:\abc\wwwroot\cake\libs\controller\controller.php, line 808]
2010-05-12 09:23:02 Warning: Warning (512): Users::isAuthorized() is not defined. in [D:\abc\wwwroot\cake\libs\controller\controller.php, line 808]
2010-05-12 09:23:03 Warning: Warning (512): Users::isAuthorized() is not defined. in [D:\abc\wwwroot\cake\libs\controller\controller.php, line 808]
2010-05-12 09:23:13 Warning: Warning (512): Users::isAuthorized() is not defined. in [D:\abc\wwwroot\cake\libs\controller\controller.php, line 808]
2010-05-12 09:23:14 Warning: Warning (512): Users::isAuthorized() is not defined. in [D:\abc\wwwroot\cake\libs\controller\controller.php, line 808]
2010-05-12 09:23:14 Warning: Warning (512): Users::isAuthorized() is not defined. in [D:\abc\wwwroot\cake\libs\controller\controller.php, line 808]
2010-05-12 09:23:15 Warning: Warning (512): Users::isAuthorized() is not defined. in [D:\abc\wwwroot\cake\libs\controller\controller.php, line 808]
2010-05-12 09:23:16 Warning: Warning (512): Users::isAuthorized() is not defined. in [D:\abc\wwwroot\cake\libs\controller\controller.php, line 808]
2010-05-12 09:23:16 Warning: Warning (512): Users::isAuthorized() is not defined. in [D:\abc\wwwroot\cake\libs\controller\controller.php, line 808]
2010-05-12 09:23:17 Warning: Warning (512): Users::isAuthorized() is not defined. in [D:\abc\wwwroot\cake\libs\controller\controller.php, line 808]
2010-05-12 09:23:18 Warning: Warning (512): Users::isAuthorized() is not defined. in [D:\abc\wwwroot\cake\libs\controller\controller.php, line 808]
2010-05-12 09:23:18 Warning: Warning (512): Users::isAuthorized() is not defined. in [D:\abc\wwwroot\cake\libs\controller\controller.php, line 808]
2010-05-12 09:23:19 Warning: Warning (512): Users::isAuthorized() is not defined. in [D:\abc\wwwroot\cake\libs\controller\controller.php, line 808]
2010-05-12 09:23:20 Warning: Warning (512): Users::isAuthorized() is not defined. in [D:\abc\wwwroot\cake\libs\controller\controller.php, line 808]
2010-05-12 09:23:32 Warning: Warning (512): Users::isAuthorized() is not defined. in [D:\abc\wwwroot\cake\libs\controller\controller.php, line 808]
2010-05-12 09:23:33 Warning: Warning (512): Users::isAuthorized() is not defined. in [D:\abc\wwwroot\cake\libs\controller\controller.php, line 808]
2010-05-12 09:23:34 Warning: Warning (512): Users::isAuthorized() is not defined. in [D:\abc\wwwroot\cake\libs\controller\controller.php, line 808]
2010-05-12 09:23:35 Warning: Warning (512): Users::isAuthorized() is not defined. in [D:\abc\wwwroot\cake\libs\controller\controller.php, line 808]
2010-05-12 09:23:35 Warning: Warning (512): Users::isAuthorized() is not defined. in [D:\abc\wwwroot\cake\libs\controller\controller.php, line 808]
2010-05-12 09:23:36 Warning: Warning (512): Users::isAuthorized() is not defined. in [D:\abc\wwwroot\cake\libs\controller\controller.php, line 808]
2010-05-12 09:23:37 Warning: Warning (512): Users::isAuthorized() is not defined. in [D:\abc\wwwroot\cake\libs\controller\controller.php, line 808]
2010-05-12 09:23:37 Warning: Warning (512): Users::isAuthorized() is not defined. in [D:\abc\wwwroot\cake\libs\controller\controller.php, line 808]
2010-05-12 09:23:38 Warning: Warning (512): Users::isAuthorized() is not defined. in [D:\abc\wwwroot\cake\libs\controller\controller.php, line 808]
2010-05-12 09:23:39 Warning: Warning (512): Users::isAuthorized() is not defined. in [D:\abc\wwwroot\cake\libs\controller\controller.php, line 808]
2010-05-12 09:24:06 Warning: Warning (512): Users::isAuthorized() is not defined. in [D:\abc\wwwroot\cake\libs\controller\controller.php, line 808]
2010-05-12 09:24:07 Warning: Warning (512): Users::isAuthorized() is not defined. in [D:\abc\wwwroot\cake\libs\controller\controller.php, line 808]
2010-05-12 09:24:08 Warning: Warning (512): Users::isAuthorized() is not defined. in [D:\abc\wwwroot\cake\libs\controller\controller.php, line 808]
2010-05-12 09:24:08 Warning: Warning (512): Users::isAuthorized() is not defined. in [D:\abc\wwwroot\cake\libs\controller\controller.php, line 808]
2010-05-12 09:24:09 Warning: Warning (512): Users::isAuthorized() is not defined. in [D:\abc\wwwroot\cake\libs\controller\controller.php, line 808]
2010-05-12 09:24:10 Warning: Warning (512): Users::isAuthorized() is not defined. in [D:\abc\wwwroot\cake\libs\controller\controller.php, line 808]
2010-05-12 09:24:10 Warning: Warning (512): Users::isAuthorized() is not defined. in [D:\abc\wwwroot\cake\libs\controller\controller.php, line 808]
2010-05-12 09:24:11 Warning: Warning (512): Users::isAuthorized() is not defined. in [D:\abc\wwwroot\cake\libs\controller\controller.php, line 808]
2010-05-12 09:24:12 Warning: Warning (512): Users::isAuthorized() is not defined. in [D:\abc\wwwroot\cake\libs\controller\controller.php, line 808]
2010-05-12 09:24:12 Warning: Warning (512): Users::isAuthorized() is not defined. in [D:\abc\wwwroot\cake\libs\controller\controller.php, line 808]
2010-05-12 09:24:18 Warning: Warning (512): Users::isAuthorized() is not defined. in [D:\abc\wwwroot\cake\libs\controller\controller.php, line 808]
2010-05-12 09:24:18 Warning: Warning (512): Users::isAuthorized() is not defined. in [D:\abc\wwwroot\cake\libs\controller\controller.php, line 808]
2010-05-12 09:24:19 Warning: Warning (512): Users::isAuthorized() is not defined. in [D:\abc\wwwroot\cake\libs\controller\controller.php, line 808]
2010-05-12 09:24:20 Warning: Warning (512): Users::isAuthorized() is not defined. in [D:\abc\wwwroot\cake\libs\controller\controller.php, line 808]
2010-05-12 09:24:20 Warning: Warning (512): Users::isAuthorized() is not defined. in [D:\abc\wwwroot\cake\libs\controller\controller.php, line 808]
2010-05-12 09:24:21 Warning: Warning (512): Users::isAuthorized() is not defined. in [D:\abc\wwwroot\cake\libs\controller\controller.php, line 808]
2010-05-12 09:24:22 Warning: Warning (512): Users::isAuthorized() is not defined. in [D:\abc\wwwroot\cake\libs\controller\controller.php, line 808]
2010-05-12 09:24:23 Warning: Warning (512): Users::isAuthorized() is not defined. in [D:\abc\wwwroot\cake\libs\controller\controller.php, line 808]
2010-05-12 09:24:23 Warning: Warning (512): Users::isAuthorized() is not defined. in [D:\abc\wwwroot\cake\libs\controller\controller.php, line 808]
2010-05-12 09:24:24 Warning: Warning (512): Users::isAuthorized() is not defined. in [D:\abc\wwwroot\cake\libs\controller\controller.php, line 808]
2010-05-12 09:24:57 Warning: Warning (512): Users::isAuthorized() is not defined. in [D:\abc\wwwroot\cake\libs\controller\controller.php, line 808]
2010-05-12 09:26:10 Warning: Warning (512): Users::isAuthorized() is not defined. in [D:\abc\wwwroot\cake\libs\controller\controller.php, line 808]
2010-05-12 09:28:03 Warning: Warning (512): Users::isAuthorized() is not defined. in [D:\abc\wwwroot\cake\libs\controller\controller.php, line 808]
2010-05-12 09:37:53 Warning: Warning (512): Users::isAuthorized() is not defined. in [D:\abc\wwwroot\cake\libs\controller\controller.php, line 808]
2010-05-12 09:38:26 Warning: Warning (512): Users::isAuthorized() is not defined. in [D:\abc\wwwroot\cake\libs\controller\controller.php, line 808]
2010-05-12 14:24:08 Warning: Warning (512): Could not find validation handler 请输入合法的邮箱地址 for email in [D:\wwwroot\trunk\cake\libs\model\model.php, line 2573]
2010-05-12 14:24:08 Warning: Warning (2): Cannot modify header information - headers already sent by (output started at D:\wwwroot\trunk\cake\libs\debugger.php:673) in [D:\wwwroot\trunk\cake\libs\controller\controller.php, line 746]
2010-05-12 15:00:18 Warning: Warning (512): Users::isAuthorized() is not defined. in [D:\wwwroot\trunk\cake\libs\controller\controller.php, line 808]
2010-05-12 15:00:27 Warning: Warning (512): Users::isAuthorized() is not defined. in [D:\wwwroot\trunk\cake\libs\controller\controller.php, line 808]
2010-05-12 15:00:35 Warning: Warning (512): Users::isAuthorized() is not defined. in [D:\wwwroot\trunk\cake\libs\controller\controller.php, line 808]
2010-05-12 15:02:23 Warning: Warning (512): Users::isAuthorized() is not defined. in [D:\wwwroot\trunk\cake\libs\controller\controller.php, line 808]
2010-05-12 15:03:04 Warning: Warning (512): Users::isAuthorized() is not defined. in [D:\wwwroot\trunk\cake\libs\controller\controller.php, line 808]
2010-05-12 15:03:05 Warning: Warning (512): Users::isAuthorized() is not defined. in [D:\wwwroot\trunk\cake\libs\controller\controller.php, line 808]
2010-05-12 15:10:10 Warning: Warning (512): Users::isAuthorized() is not defined. in [D:\wwwroot\trunk\cake\libs\controller\controller.php, line 808]
2010-05-12 15:10:12 Warning: Warning (512): Users::isAuthorized() is not defined. in [D:\wwwroot\trunk\cake\libs\controller\controller.php, line 808]
2010-05-12 15:10:20 Warning: Warning (512): Users::isAuthorized() is not defined. in [D:\wwwroot\trunk\cake\libs\controller\controller.php, line 808]
2010-05-12 15:10:22 Warning: Warning (512): Users::isAuthorized() is not defined. in [D:\wwwroot\trunk\cake\libs\controller\controller.php, line 808]
2010-05-12 15:11:12 Warning: Warning (512): Users::isAuthorized() is not defined. in [D:\wwwroot\trunk\cake\libs\controller\controller.php, line 808]
2010-05-12 15:11:14 Warning: Warning (512): Users::isAuthorized() is not defined. in [D:\wwwroot\trunk\cake\libs\controller\controller.php, line 808]
2010-05-12 15:12:34 Warning: Warning (512): Users::isAuthorized() is not defined. in [D:\wwwroot\trunk\cake\libs\controller\controller.php, line 808]
2010-05-12 15:12:37 Warning: Warning (512): Users::isAuthorized() is not defined. in [D:\wwwroot\trunk\cake\libs\controller\controller.php, line 808]
2010-05-12 15:12:38 Warning: Warning (512): Users::isAuthorized() is not defined. in [D:\wwwroot\trunk\cake\libs\controller\controller.php, line 808]
2010-05-12 15:13:48 Warning: Warning (512): Users::isAuthorized() is not defined. in [D:\wwwroot\trunk\cake\libs\controller\controller.php, line 808]
2010-05-12 15:13:54 Warning: Warning (512): Users::isAuthorized() is not defined. in [D:\wwwroot\trunk\cake\libs\controller\controller.php, line 808]
2010-05-12 15:13:55 Warning: Warning (512): Users::isAuthorized() is not defined. in [D:\wwwroot\trunk\cake\libs\controller\controller.php, line 808]
2010-05-12 15:14:01 Warning: Warning (512): Users::isAuthorized() is not defined. in [D:\wwwroot\trunk\cake\libs\controller\controller.php, line 808]
2010-05-12 15:16:59 Warning: Warning (512): Users::isAuthorized() is not defined. in [D:\wwwroot\trunk\cake\libs\controller\controller.php, line 808]
2010-05-12 15:17:03 Warning: Warning (512): Users::isAuthorized() is not defined. in [D:\wwwroot\trunk\cake\libs\controller\controller.php, line 808]
2010-05-12 15:18:44 Warning: Warning (512): Users::isAuthorized() is not defined. in [D:\wwwroot\trunk\cake\libs\controller\controller.php, line 808]
2010-05-12 15:18:58 Warning: Warning (512): Users::isAuthorized() is not defined. in [D:\wwwroot\trunk\cake\libs\controller\controller.php, line 808]
2010-05-12 15:47:11 Warning: Warning (512): Users::isAuthorized() is not defined. in [D:\wwwroot\trunk\cake\libs\controller\controller.php, line 808]
2010-05-12 15:59:56 Warning: Warning (512): Users::isAuthorized() is not defined. in [D:\wwwroot\trunk\cake\libs\controller\controller.php, line 808]
2010-05-12 16:03:38 Warning: Warning (512): Users::isAuthorized() is not defined. in [D:\wwwroot\trunk\cake\libs\controller\controller.php, line 808]
<<<<<<< .mine
2010-05-12 16:10:24 Warning: Warning (512): Users::isAuthorized() is not defined. in [D:\wwwroot\trunk\cake\libs\controller\controller.php, line 808]
=======
2010-05-13 00:49:52 Warning: Warning (512): Users::isAuthorized() is not defined. in [D:\abc\wwwroot\cake\libs\controller\controller.php, line 808]
2010-05-13 00:49:59 Warning: Warning (512): Users::isAuthorized() is not defined. in [D:\abc\wwwroot\cake\libs\controller\controller.php, line 808]
2010-05-13 00:50:01 Warning: Warning (512): Users::isAuthorized() is not defined. in [D:\abc\wwwroot\cake\libs\controller\controller.php, line 808]
2010-05-13 01:00:03 Warning: Warning (512): Users::isAuthorized() is not defined. in [D:\abc\wwwroot\cake\libs\controller\controller.php, line 808]
2010-05-13 01:09:03 Warning: Warning (512): Users::isAuthorized() is not defined. in [D:\abc\wwwroot\cake\libs\controller\controller.php, line 808]
2010-05-13 02:52:43 Warning: Warning (512): Users::isAuthorized() is not defined. in [D:\abc\wwwroot\cake\libs\controller\controller.php, line 808]
2010-05-13 07:40:27 Warning: Warning (512): Groups::isAuthorized() is not defined. in [D:\abc\wwwroot\cake\libs\controller\controller.php, line 808]
>>>>>>> .r6
2010-05-13 13:28:19 Warning: Warning (512): <span style="color:Red;text-align:left"><b>SQL Error:</b> 1054: Unknown column 'Group.user_id' in 'on clause'</span> in [D:\wwwroot\trunk\cake\libs\model\datasources\dbo_source.php, line 666]
2010-05-13 13:28:19 Warning: Warning (2): Invalid argument supplied for foreach() in [D:\wwwroot\trunk\app\views\groups\index.ctp, line 23]
2010-05-13 13:28:19 Warning: Warning (512): <span style="color:Red;text-align:left"><b>SQL Error:</b> 1054: Unknown column 'Group.user_id' in 'on clause'</span> in [D:\wwwroot\trunk\cake\libs\model\datasources\dbo_source.php, line 666]
2010-05-13 13:28:20 Warning: Warning (2): Invalid argument supplied for foreach() in [D:\wwwroot\trunk\app\views\groups\index.ctp, line 23]
2010-05-13 15:52:01 Warning: Warning (512): <span style="color:Red;text-align:left"><b>SQL Error:</b> 1054: Unknown column 'User.name' in 'field list'</span> in [D:\wwwroot\trunk\cake\libs\model\datasources\dbo_source.php, line 666]
2010-05-13 15:52:02 Warning: Warning (512): <span style="color:Red;text-align:left"><b>SQL Error:</b> 1054: Unknown column 'User.name' in 'field list'</span> in [D:\wwwroot\trunk\cake\libs\model\datasources\dbo_source.php, line 666]
2010-05-13 15:54:40 Warning: Warning (512): <span style="color:Red;text-align:left"><b>SQL Error:</b> 1064: You have an error in your SQL syntax; check the manual that corresponds to your MySQL server version for the right syntax to use near 'Array LEFT JOIN `users` AS `User` ON (`GroupPost`.`user_id` = `User`.`id`) LEFT ' at line 1</span> in [D:\wwwroot\trunk\cake\libs\model\datasources\dbo_source.php, line 666]
2010-05-13 15:55:07 Warning: Warning (512): <span style="color:Red;text-align:left"><b>SQL Error:</b> 1064: You have an error in your SQL syntax; check the manual that corresponds to your MySQL server version for the right syntax to use near 'Array LEFT JOIN `users` AS `User` ON (`GroupPost`.`user_id` = `User`.`id`) LEFT ' at line 1</span> in [D:\wwwroot\trunk\cake\libs\model\datasources\dbo_source.php, line 666]
2010-05-13 16:07:30 Warning: Warning (512): <span style="color:Red;text-align:left"><b>SQL Error:</b> 1054: Unknown column 'User.name' in 'field list'</span> in [D:\wwwroot\trunk\cake\libs\model\datasources\dbo_source.php, line 666]
2010-05-13 16:08:49 Warning: Warning (512): <span style="color:Red;text-align:left"><b>SQL Error:</b> 1364: Field 'avatar' doesn't have a default value</span> in [D:\wwwroot\trunk\cake\libs\model\datasources\dbo_source.php, line 666]
2010-05-13 16:19:59 Warning: Warning (2): Invalid argument supplied for foreach() in [D:\wwwroot\trunk\app\views\groups\index.ctp, line 23]
2010-05-13 16:20:03 Warning: Warning (2): Invalid argument supplied for foreach() in [D:\wwwroot\trunk\app\views\groups\index.ctp, line 23]
2010-05-13 16:26:17 Warning: Warning (512): <span style="color:Red;text-align:left"><b>SQL Error:</b> 1064: You have an error in your SQL syntax; check the manual that corresponds to your MySQL server version for the right syntax to use near 'Array LEFT JOIN `users` AS `User` ON (`GroupPost`.`user_id` = `User`.`id`) LEFT ' at line 1</span> in [D:\wwwroot\trunk\cake\libs\model\datasources\dbo_source.php, line 666]
2010-05-13 16:26:48 Warning: Warning (512): <span style="color:Red;text-align:left"><b>SQL Error:</b> 1064: You have an error in your SQL syntax; check the manual that corresponds to your MySQL server version for the right syntax to use near 'Array LEFT JOIN `users` AS `User` ON (`GroupPost`.`user_id` = `User`.`id`) LEFT ' at line 1</span> in [D:\wwwroot\trunk\cake\libs\model\datasources\dbo_source.php, line 666]
2010-05-13 16:28:59 Warning: Warning (512): <span style="color:Red;text-align:left"><b>SQL Error:</b> 1064: You have an error in your SQL syntax; check the manual that corresponds to your MySQL server version for the right syntax to use near 'Array LEFT JOIN `users` AS `User` ON (`GroupPost`.`user_id` = `User`.`id`) LEFT ' at line 1</span> in [D:\wwwroot\trunk\cake\libs\model\datasources\dbo_source.php, line 666]
2010-05-13 16:29:00 Warning: Warning (512): <span style="color:Red;text-align:left"><b>SQL Error:</b> 1064: You have an error in your SQL syntax; check the manual that corresponds to your MySQL server version for the right syntax to use near 'Array LEFT JOIN `users` AS `User` ON (`GroupPost`.`user_id` = `User`.`id`) LEFT ' at line 1</span> in [D:\wwwroot\trunk\cake\libs\model\datasources\dbo_source.php, line 666]
2010-05-13 16:30:05 Warning: Warning (512): <span style="color:Red;text-align:left"><b>SQL Error:</b> 1064: You have an error in your SQL syntax; check the manual that corresponds to your MySQL server version for the right syntax to use near 'groups Group inner   Group.id = GroupPost.group_id  LEFT JOIN `users` AS `User` ' at line 1</span> in [D:\wwwroot\trunk\cake\libs\model\datasources\dbo_source.php, line 666]
2010-05-13 16:32:50 Warning: Warning (512): <span style="color:Red;text-align:left"><b>SQL Error:</b> 1054: Unknown column 'Group.user_idf' in 'where clause'</span> in [D:\wwwroot\trunk\cake\libs\model\datasources\dbo_source.php, line 666]
2010-05-14 17:37:08 Warning: Warning (512): <span style="color:Red;text-align:left"><b>SQL Error:</b> 1054: Unknown column 'Group.user_id' in 'where clause'</span> in [D:\wwwroot\trunk\cake\libs\model\datasources\dbo_source.php, line 666]
2010-05-14 18:11:03 Warning: Warning (512): <span style="color:Red;text-align:left"><b>SQL Error:</b> 1054: Unknown column 'Group.user_id' in 'where clause'</span> in [D:\wwwroot\trunk\cake\libs\model\datasources\dbo_source.php, line 666]
2010-05-14 18:11:06 Warning: Warning (512): <span style="color:Red;text-align:left"><b>SQL Error:</b> 1054: Unknown column 'Group.user_id' in 'where clause'</span> in [D:\wwwroot\trunk\cake\libs\model\datasources\dbo_source.php, line 666]
2010-05-14 18:11:07 Warning: Warning (512): <span style="color:Red;text-align:left"><b>SQL Error:</b> 1054: Unknown column 'Group.user_id' in 'where clause'</span> in [D:\wwwroot\trunk\cake\libs\model\datasources\dbo_source.php, line 666]
2010-05-15 02:45:46 Warning: Warning (512): <span style="color:Red;text-align:left"><b>SQL Error:</b> 1064: You have an error in your SQL syntax; check the manual that corresponds to your MySQL server version for the right syntax to use near '= (Array)' at line 1</span> in [D:\wwwroot\trunk\cake\libs\model\datasources\dbo_source.php, line 666]
2010-05-15 02:53:46 Warning: Warning (512): <span style="color:Red;text-align:left"><b>SQL Error:</b> 1064: You have an error in your SQL syntax; check the manual that corresponds to your MySQL server version for the right syntax to use near 'group_memberships Array LEFT JOIN `users` AS `User` ON (`GroupPost`.`user_id` = ' at line 1</span> in [D:\wwwroot\trunk\cake\libs\model\datasources\dbo_source.php, line 666]
2010-05-15 02:55:15 Warning: Warning (512): <span style="color:Red;text-align:left"><b>SQL Error:</b> 1064: You have an error in your SQL syntax; check the manual that corresponds to your MySQL server version for the right syntax to use near 'group_memberships group_memberships.group_id = Group.id LEFT JOIN `users` AS `Us' at line 1</span> in [D:\wwwroot\trunk\cake\libs\model\datasources\dbo_source.php, line 666]
2010-05-15 04:45:53 Warning: Warning (512): <span style="color:Red;text-align:left"><b>SQL Error:</b> 1054: Unknown column 'User.did' in 'where clause'</span> in [D:\wwwroot\trunk\cake\libs\model\datasources\dbo_source.php, line 666]
2010-05-15 04:48:25 Warning: Warning (512): <span style="color:Red;text-align:left"><b>SQL Error:</b> 1054: Unknown column 'User.did' in 'where clause'</span> in [D:\wwwroot\trunk\cake\libs\model\datasources\dbo_source.php, line 666]
2010-05-15 04:49:01 Warning: Warning (512): <span style="color:Red;text-align:left"><b>SQL Error:</b> 1054: Unknown column 'User.did' in 'where clause'</span> in [D:\wwwroot\trunk\cake\libs\model\datasources\dbo_source.php, line 666]
2010-05-15 04:50:11 Warning: Warning (512): <span style="color:Red;text-align:left"><b>SQL Error:</b> 1054: Unknown column 'User.did' in 'where clause'</span> in [D:\wwwroot\trunk\cake\libs\model\datasources\dbo_source.php, line 666]
2010-05-15 04:51:08 Warning: Warning (512): <span style="color:Red;text-align:left"><b>SQL Error:</b> 1054: Unknown column 'User.did' in 'where clause'</span> in [D:\wwwroot\trunk\cake\libs\model\datasources\dbo_source.php, line 666]
2010-05-15 04:51:35 Warning: Warning (512): <span style="color:Red;text-align:left"><b>SQL Error:</b> 1054: Unknown column 'User.did' in 'where clause'</span> in [D:\wwwroot\trunk\cake\libs\model\datasources\dbo_source.php, line 666]
2010-05-15 05:10:02 Warning: Warning (2): in_array() [<a href='http://php.net/function.in-array'>function.in-array</a>]: Wrong datatype for second argument in [D:\wwwroot\trunk\cake\libs\model\datasources\dbo_source.php, line 1288]
2010-05-15 05:10:42 Warning: Warning (512): <span style="color:Red;text-align:left"><b>SQL Error:</b> 1054: Unknown column 'users.id' in 'where clause'</span> in [D:\wwwroot\trunk\cake\libs\model\datasources\dbo_source.php, line 666]
2010-05-15 05:11:12 Warning: Warning (512): <span style="color:Red;text-align:left"><b>SQL Error:</b> 1054: Unknown column 'groups_memberships.user_id' in 'where clause'</span> in [D:\wwwroot\trunk\cake\libs\model\datasources\dbo_source.php, line 666]
2010-05-15 05:13:56 Warning: Warning (512): <span style="color:Red;text-align:left"><b>SQL Error:</b> 1054: Unknown column 'groups_memberships.user_id' in 'where clause'</span> in [D:\wwwroot\trunk\cake\libs\model\datasources\dbo_source.php, line 666]
2010-05-15 05:14:05 Warning: Warning (512): <span style="color:Red;text-align:left"><b>SQL Error:</b> 1054: Unknown column 'group_membershios.group_id' in 'on clause'</span> in [D:\wwwroot\trunk\cake\libs\model\datasources\dbo_source.php, line 666]
2010-05-16 07:42:03 Warning: Warning (512): <span style="color:Red;text-align:left"><b>SQL Error:</b> 1064: You have an error in your SQL syntax; check the manual that corresponds to your MySQL server version for the right syntax to use near 'isAdmin' at line 1</span> in [D:\wwwroot\trunk\cake\libs\model\datasources\dbo_source.php, line 666]
2010-05-16 07:43:13 Warning: Warning (512): <span style="color:Red;text-align:left"><b>SQL Error:</b> 1064: You have an error in your SQL syntax; check the manual that corresponds to your MySQL server version for the right syntax to use near 'isMember' at line 1</span> in [D:\wwwroot\trunk\cake\libs\model\datasources\dbo_source.php, line 666]
